<?xml version="1.0" encoding="UTF-8"?>
<!-- Generated by org.testng.reporters.JUnitXMLReporter -->
<testsuite hostname="Sumeja-PC" ignored="0" tests="6" failures="0" timestamp="2020-07-23T03:00:22 CEST" time="19.456" errors="0">
  <testcase name="check_the_arrey_isnt_empty" time="11.276" classname="All_Collections"/>
  <testcase name="check_the_id" time="2.764" classname="All_Collections"/>
  <testcase name="check_the_uid" time="1.226" classname="All_Collections"/>
  <testcase name="name_should_be_My_Collection" time="1.192" classname="All_Collections"/>
  <testcase name="owner_should_be_10144889" time="1.346" classname="All_Collections"/>
  <testcase name="status_code_should_be_200" time="1.369" classname="All_Collections"/>
</testsuite>
