<?xml version="1.0" encoding="UTF-8"?>
<!-- Generated by org.testng.reporters.JUnitXMLReporter -->
<testsuite hostname="Sumeja-PC" ignored="0" name="Test" tests="11" failures="0" timestamp="2020-07-23T03:06:44 CEST" time="45.973" errors="0">
  <testcase name="collection_should__not_be_created_negative_test" time="15.71" classname="testCases.Create_Collection"/>
  <testcase name="status_code_should_be_200" time="4.122" classname="testCases.Create_Collection"/>
  <testcase name="check_the_arrey_isnt_empty" time="3.588" classname="testCases.All_Collections"/>
  <testcase name="check_the_id" time="2.707" classname="testCases.All_Collections"/>
  <testcase name="check_the_uid" time="2.609" classname="testCases.All_Collections"/>
  <testcase name="name_should_be_My_Collection" time="3.386" classname="testCases.All_Collections"/>
  <testcase name="owner_should_be_10144889" time="2.534" classname="testCases.All_Collections"/>
  <testcase name="status_code_should_be_200" time="2.481" classname="testCases.All_Collections"/>
  <testcase name="check_the_postman_id" time="2.536" classname="testCases.Single_Collection"/>
  <testcase name="checking_response_without_apikey_negative_test" time="3.561" classname="testCases.Single_Collection"/>
  <testcase name="status_code_should_be_200" time="2.397" classname="testCases.Single_Collection"/>
</testsuite> <!-- Test -->
